<?xml version="1.0" encoding="UTF-8"?>
<testsuite xmlns:xsi="http://www.w3.org/2001/XMLSchema-instance" xsi:noNamespaceSchemaLocation="https://maven.apache.org/surefire/maven-surefire-plugin/xsd/surefire-test-report.xsd" version="3.0.2" name="com.tecsup.app.micro.user.UserServiceApplicationTests" time="4.123" tests="1" errors="0" skipped="0" failures="0">
  <properties>
[...]
</properties>
  <testcase name="contextLoads" classname="com.tecsup.app.micro.user.UserServiceApplicationTests" time="0.313">
    <system-out><![CDATA[12:10:52.909 [main] INFO org.springframework.test.context.support.AnnotationConfigContextLoaderUtils -- Could not detect default configuration classes for test class [com.tecsup.app.micro.user.UserServiceApplicationTests]: UserServiceApplicationTests does not declare any static, non-private, non-final, nested classes annotated with @Configuration.
12:10:53.007 [main] INFO org.springframework.boot.test.context.SpringBootTestContextBootstrapper -- Found @SpringBootConfiguration com.tecsup.app.micro.user.UserServiceApplication for test class com.tecsup.app.micro.user.UserServiceApplicationTests
12:10:53.155 [main] INFO org.springframework.boot.devtools.restart.RestartApplicationListener -- Restart disabled due to context in which it is running

  .   ____          _            __ _ _
 /\\ / ___'_ __ _ _(_)_ __  __ _ \ \ \ \
( ( )\___ | '_ | '_| | '_ \/ _` | \ \ \ \
 \\/  ___)| |_)| | | | | || (_| |  ) ) ) )
  '  |____| .__|_| |_|_| |_\__, | / / / /
 =========|_|==============|___/=/_/_/_/

 :: Spring Boot ::                (v3.5.6)

2025-11-14T12:10:53.456-05:00  INFO 14876 --- [user-service] [           main] c.t.a.m.u.UserServiceApplicationTests    : Starting UserServiceApplicationTests using Java 21.0.8 with PID 14876 (started by Julio in C:\Users\Julio\OneDrive\Desktop\ProyectoSpring\Modulo_6\m6-sbp-c05-micro-user-service)
2025-11-14T12:10:53.458-05:00  INFO 14876 --- [user-service] [           main] c.t.a.m.u.UserServiceApplicationTests    : The following 1 profile is active: "local"
2025-11-14T12:10:54.048-05:00  INFO 14876 --- [user-service] [           main] .s.d.r.c.RepositoryConfigurationDelegate : Bootstrapping Spring Data JPA repositories in DEFAULT mode.
2025-11-14T12:10:54.095-05:00  INFO 14876 --- [user-service] [           main] .s.d.r.c.RepositoryConfigurationDelegate : Finished Spring Data repository scanning in 39 ms. Found 1 JPA repository interface.
2025-11-14T12:10:54.486-05:00  INFO 14876 --- [user-service] [           main] com.zaxxer.hikari.HikariDataSource       : HikariPool-1 - Starting...
2025-11-14T12:10:54.682-05:00  INFO 14876 --- [user-service] [           main] com.zaxxer.hikari.pool.HikariPool        : HikariPool-1 - Added connection conn0: url=jdbc:h2:mem:userdb user=SA
2025-11-14T12:10:54.685-05:00  INFO 14876 --- [user-service] [           main] com.zaxxer.hikari.HikariDataSource       : HikariPool-1 - Start completed.
2025-11-14T12:10:54.723-05:00  INFO 14876 --- [user-service] [           main] org.flywaydb.core.FlywayExecutor         : Database: jdbc:h2:mem:userdb (H2 2.3)
2025-11-14T12:10:54.749-05:00  INFO 14876 --- [user-service] [           main] o.f.c.i.s.JdbcTableSchemaHistory         : Schema history table "PUBLIC"."flyway_schema_history" does not exist yet
2025-11-14T12:10:54.751-05:00  INFO 14876 --- [user-service] [           main] o.f.core.internal.command.DbValidate     : Successfully validated 3 migrations (execution time 00:00.012s)
2025-11-14T12:10:54.755-05:00  INFO 14876 --- [user-service] [           main] org.flywaydb.core.Flyway                 : All configured schemas are empty; baseline operation skipped. A baseline or migration script with a lower version than the baseline version may execute if available. Check the Schemas parameter if this is not intended.
2025-11-14T12:10:54.757-05:00  INFO 14876 --- [user-service] [           main] o.f.c.i.s.JdbcTableSchemaHistory         : Creating Schema History table "PUBLIC"."flyway_schema_history" ...
2025-11-14T12:10:54.785-05:00  INFO 14876 --- [user-service] [           main] o.f.core.internal.command.DbMigrate      : Current version of schema "PUBLIC": << Empty Schema >>
2025-11-14T12:10:54.793-05:00  INFO 14876 --- [user-service] [           main] o.f.core.internal.command.DbMigrate      : Migrating schema "PUBLIC" to version "1 - CREATE TABLES"
2025-11-14T12:10:54.813-05:00  INFO 14876 --- [user-service] [           main] o.f.core.internal.command.DbMigrate      : Migrating schema "PUBLIC" to version "2 - ADD INDEXES"
2025-11-14T12:10:54.820-05:00  INFO 14876 --- [user-service] [           main] o.f.core.internal.command.DbMigrate      : Migrating schema "PUBLIC" to version "3 - INSERT DATA"
2025-11-14T12:10:54.830-05:00  INFO 14876 --- [user-service] [           main] o.f.core.internal.command.DbMigrate      : Successfully applied 3 migrations to schema "PUBLIC", now at version v3 (execution time 00:00.014s)
2025-11-14T12:10:54.933-05:00  INFO 14876 --- [user-service] [           main] o.hibernate.jpa.internal.util.LogHelper  : HHH000204: Processing PersistenceUnitInfo [name: default]
2025-11-14T12:10:54.986-05:00  INFO 14876 --- [user-service] [           main] org.hibernate.Version                    : HHH000412: Hibernate ORM core version 6.6.29.Final
2025-11-14T12:10:55.018-05:00  INFO 14876 --- [user-service] [           main] o.h.c.internal.RegionFactoryInitiator    : HHH000026: Second-level cache disabled
2025-11-14T12:10:55.276-05:00  INFO 14876 --- [user-service] [           main] o.s.o.j.p.SpringPersistenceUnitInfo      : No LoadTimeWeaver setup: ignoring JPA class transformer
2025-11-14T12:10:55.318-05:00  WARN 14876 --- [user-service] [           main] org.hibernate.orm.deprecation            : HHH90000025: H2Dialect does not need to be specified explicitly using 'hibernate.dialect' (remove the property setting and it will be selected by default)
2025-11-14T12:10:55.330-05:00  INFO 14876 --- [user-service] [           main] org.hibernate.orm.connections.pooling    : HHH10001005: Database info:
	Database JDBC URL [Connecting through datasource 'HikariDataSource (HikariPool-1)']
	Database driver: undefined/unknown
	Database version: 2.3.232
	Autocommit mode: undefined/unknown
	Isolation level: undefined/unknown
	Minimum pool size: undefined/unknown
	Maximum pool size: undefined/unknown
2025-11-14T12:10:55.929-05:00  INFO 14876 --- [user-service] [           main] o.h.e.t.j.p.i.JtaPlatformInitiator       : HHH000489: No JTA platform available (set 'hibernate.transaction.jta.platform' to enable JTA platform integration)
2025-11-14T12:10:55.946-05:00  INFO 14876 --- [user-service] [           main] j.LocalContainerEntityManagerFactoryBean : Initialized JPA EntityManagerFactory for persistence unit 'default'
2025-11-14T12:10:56.259-05:00  WARN 14876 --- [user-service] [           main] JpaBaseConfiguration$JpaWebConfiguration : spring.jpa.open-in-view is enabled by default. Therefore, database queries may be performed during view rendering. Explicitly configure spring.jpa.open-in-view to disable this warning
2025-11-14T12:10:56.570-05:00  INFO 14876 --- [user-service] [           main] c.t.a.m.u.UserServiceApplicationTests    : Started UserServiceApplicationTests in 3.428 seconds (process running for 4.248)
]]></system-out>
    <system-err><![CDATA[Mockito is currently self-attaching to enable the inline-mock-maker. This will no longer work in future releases of the JDK. Please add Mockito as an agent to your build as described in Mockito's documentation: https://javadoc.io/doc/org.mockito/mockito-core/latest/org.mockito/org/mockito/Mockito.html#0.3
WARNING: A Java agent has been loaded dynamically (C:\Users\Julio\.m2\repository\net\bytebuddy\byte-buddy-agent\1.17.7\byte-buddy-agent-1.17.7.jar)
WARNING: If a serviceability tool is in use, please run with -XX:+EnableDynamicAgentLoading to hide this warning
WARNING: If a serviceability tool is not in use, please run with -Djdk.instrument.traceUsage for more information
WARNING: Dynamic loading of agents will be disallowed by default in a future release
]]></system-err>
  </testcase>
</testsuite>